[debug] [2025-03-23T11:04:56.490Z] ----------------------------------------------------------------------
[debug] [2025-03-23T11:04:56.492Z] Command:       /Users/lwn/.nvm/versions/node/v20.15.0/bin/node /Users/lwn/.nvm/versions/node/v20.15.0/bin/firebase deploy
[debug] [2025-03-23T11:04:56.492Z] CLI Version:   13.15.0
[debug] [2025-03-23T11:04:56.492Z] Platform:      darwin
[debug] [2025-03-23T11:04:56.492Z] Node Version:  v20.15.0
[debug] [2025-03-23T11:04:56.492Z] Time:          Sun Mar 23 2025 20:04:56 GMT+0900 (Korean Standard Time)
[debug] [2025-03-23T11:04:56.492Z] ----------------------------------------------------------------------
[debug] 
[debug] [2025-03-23T11:04:56.527Z] > command requires scopes: ["email","openid","https://www.googleapis.com/auth/cloudplatformprojects.readonly","https://www.googleapis.com/auth/firebase","https://www.googleapis.com/auth/cloud-platform"]
[debug] [2025-03-23T11:04:56.527Z] > authorizing via signed-in user (nmixxfantube@gmail.com)
[debug] [2025-03-23T11:04:56.528Z] [iam] checking project portfolio-67029 for permissions ["firebase.projects.get","firebasehosting.sites.update"]
[debug] [2025-03-23T11:04:56.528Z] > refreshing access token with scopes: []
[debug] [2025-03-23T11:04:56.529Z] >>> [apiv2][query] POST https://www.googleapis.com/oauth2/v3/token [none]
[debug] [2025-03-23T11:04:56.529Z] >>> [apiv2][body] POST https://www.googleapis.com/oauth2/v3/token [omitted]
[debug] [2025-03-23T11:04:56.840Z] <<< [apiv2][status] POST https://www.googleapis.com/oauth2/v3/token 200
[debug] [2025-03-23T11:04:56.841Z] <<< [apiv2][body] POST https://www.googleapis.com/oauth2/v3/token [omitted]
[debug] [2025-03-23T11:04:56.854Z] >>> [apiv2][query] POST https://cloudresourcemanager.googleapis.com/v1/projects/portfolio-67029:testIamPermissions [none]
[debug] [2025-03-23T11:04:56.855Z] >>> [apiv2][(partial)header] POST https://cloudresourcemanager.googleapis.com/v1/projects/portfolio-67029:testIamPermissions x-goog-quota-user=projects/portfolio-67029
[debug] [2025-03-23T11:04:56.855Z] >>> [apiv2][body] POST https://cloudresourcemanager.googleapis.com/v1/projects/portfolio-67029:testIamPermissions {"permissions":["firebase.projects.get","firebasehosting.sites.update"]}
[debug] [2025-03-23T11:04:58.141Z] <<< [apiv2][status] POST https://cloudresourcemanager.googleapis.com/v1/projects/portfolio-67029:testIamPermissions 200
[debug] [2025-03-23T11:04:58.141Z] <<< [apiv2][body] POST https://cloudresourcemanager.googleapis.com/v1/projects/portfolio-67029:testIamPermissions {}
[debug] [2025-03-23T11:04:58.141Z] [iam] error while checking permissions, command may fail: FirebaseError: Authorization failed. This account is missing the following required permissions on project portfolio-67029:

  firebase.projects.get
  firebasehosting.sites.update
[debug] [2025-03-23T11:04:58.142Z] >>> [apiv2][query] GET https://firebase.googleapis.com/v1beta1/projects/portfolio-67029 [none]
[debug] [2025-03-23T11:04:58.649Z] <<< [apiv2][status] GET https://firebase.googleapis.com/v1beta1/projects/portfolio-67029 403
[debug] [2025-03-23T11:04:58.649Z] <<< [apiv2][body] GET https://firebase.googleapis.com/v1beta1/projects/portfolio-67029 {"error":{"code":403,"message":"The caller does not have permission","status":"PERMISSION_DENIED"}}
[debug] [2025-03-23T11:04:58.651Z] HTTP Error: 403, The caller does not have permission
[debug] [2025-03-23T11:04:58.652Z] FirebaseError: HTTP Error: 403, The caller does not have permission
    at responseToError (/Users/lwn/.nvm/versions/node/v20.15.0/lib/node_modules/firebase-tools/lib/responseToError.js:49:12)
    at RetryOperation._fn (/Users/lwn/.nvm/versions/node/v20.15.0/lib/node_modules/firebase-tools/lib/apiv2.js:305:77)
    at process.processTicksAndRejections (node:internal/process/task_queues:95:5)
[error] 
[error] Error: Failed to get Firebase project portfolio-67029. Please make sure the project exists and your account has permission to access it.
[debug] [2025-03-23T11:05:16.647Z] ----------------------------------------------------------------------
[debug] [2025-03-23T11:05:16.648Z] Command:       /Users/lwn/.nvm/versions/node/v20.15.0/bin/node /Users/lwn/.nvm/versions/node/v20.15.0/bin/firebase deploy
[debug] [2025-03-23T11:05:16.648Z] CLI Version:   13.15.0
[debug] [2025-03-23T11:05:16.648Z] Platform:      darwin
[debug] [2025-03-23T11:05:16.648Z] Node Version:  v20.15.0
[debug] [2025-03-23T11:05:16.648Z] Time:          Sun Mar 23 2025 20:05:16 GMT+0900 (Korean Standard Time)
[debug] [2025-03-23T11:05:16.648Z] ----------------------------------------------------------------------
[debug] 
[debug] [2025-03-23T11:05:16.681Z] > command requires scopes: ["email","openid","https://www.googleapis.com/auth/cloudplatformprojects.readonly","https://www.googleapis.com/auth/firebase","https://www.googleapis.com/auth/cloud-platform"]
[debug] [2025-03-23T11:05:16.681Z] > authorizing via signed-in user (nmixxfantube@gmail.com)
[debug] [2025-03-23T11:05:16.681Z] [iam] checking project portfolio-67029 for permissions ["firebase.projects.get","firebasehosting.sites.update"]
[debug] [2025-03-23T11:05:16.682Z] >>> [apiv2][query] POST https://cloudresourcemanager.googleapis.com/v1/projects/portfolio-67029:testIamPermissions [none]
[debug] [2025-03-23T11:05:16.682Z] >>> [apiv2][(partial)header] POST https://cloudresourcemanager.googleapis.com/v1/projects/portfolio-67029:testIamPermissions x-goog-quota-user=projects/portfolio-67029
[debug] [2025-03-23T11:05:16.682Z] >>> [apiv2][body] POST https://cloudresourcemanager.googleapis.com/v1/projects/portfolio-67029:testIamPermissions {"permissions":["firebase.projects.get","firebasehosting.sites.update"]}
[debug] [2025-03-23T11:05:17.849Z] <<< [apiv2][status] POST https://cloudresourcemanager.googleapis.com/v1/projects/portfolio-67029:testIamPermissions 200
[debug] [2025-03-23T11:05:17.849Z] <<< [apiv2][body] POST https://cloudresourcemanager.googleapis.com/v1/projects/portfolio-67029:testIamPermissions {}
[debug] [2025-03-23T11:05:17.849Z] [iam] error while checking permissions, command may fail: FirebaseError: Authorization failed. This account is missing the following required permissions on project portfolio-67029:

  firebase.projects.get
  firebasehosting.sites.update
[debug] [2025-03-23T11:05:17.850Z] >>> [apiv2][query] GET https://firebase.googleapis.com/v1beta1/projects/portfolio-67029 [none]
[debug] [2025-03-23T11:05:18.335Z] <<< [apiv2][status] GET https://firebase.googleapis.com/v1beta1/projects/portfolio-67029 403
[debug] [2025-03-23T11:05:18.336Z] <<< [apiv2][body] GET https://firebase.googleapis.com/v1beta1/projects/portfolio-67029 {"error":{"code":403,"message":"The caller does not have permission","status":"PERMISSION_DENIED"}}
[debug] [2025-03-23T11:05:18.337Z] HTTP Error: 403, The caller does not have permission
[debug] [2025-03-23T11:05:18.337Z] FirebaseError: HTTP Error: 403, The caller does not have permission
    at responseToError (/Users/lwn/.nvm/versions/node/v20.15.0/lib/node_modules/firebase-tools/lib/responseToError.js:49:12)
    at RetryOperation._fn (/Users/lwn/.nvm/versions/node/v20.15.0/lib/node_modules/firebase-tools/lib/apiv2.js:305:77)
    at process.processTicksAndRejections (node:internal/process/task_queues:95:5)
[error] 
[error] Error: Failed to get Firebase project portfolio-67029. Please make sure the project exists and your account has permission to access it.
